<?xml version="1.0" encoding="UTF-8"?>
<testng-results skipped="0" failed="0" total="1" passed="1">
  <reporter-output>
  </reporter-output>
  <suite name="Wallethub Assignment Test Suite" duration-ms="25203" started-at="2020-04-25T19:30:48Z" finished-at="2020-04-25T19:31:13Z">
    <groups>
    </groups>
    <test name="Wallethub Write Review Test" duration-ms="25203" started-at="2020-04-25T19:30:48Z" finished-at="2020-04-25T19:31:13Z">
      <class name="Com.Wallethub.Tests.WallethubWriteReviewTest">
        <test-method status="PASS" signature="launchbrowser(java.lang.String)[pri:0, instance:Com.Wallethub.Tests.WallethubWriteReviewTest@193948d]" name="launchbrowser" is-config="true" duration-ms="8744" started-at="2020-04-25T19:30:48Z" finished-at="2020-04-25T19:30:57Z">
          <params>
            <param index="0">
              <value>
                <![CDATA[chrome]]>
              </value>
            </param>
          </params>
        </test-method>
        <test-method status="PASS" signature="beforeTest(java.lang.String)[pri:0, instance:Com.Wallethub.Tests.WallethubWriteReviewTest@193948d]" name="beforeTest" is-config="true" duration-ms="10637" started-at="2020-04-25T19:30:57Z" depends-on-methods="Com.TestBase.Base.launchbrowser" finished-at="2020-04-25T19:31:08Z">
          <params>
            <param index="0">
              <value>
                <![CDATA[http://wallethub.com/profile/test_insurance_company/]]>
              </value>
            </param>
          </params>
        </test-method>
        <test-method status="PASS" signature="wallethubWriteReview_ID002()[pri:0, instance:Com.Wallethub.Tests.WallethubWriteReviewTest@193948d]" name="wallethubWriteReview_ID002" duration-ms="5792" started-at="2020-04-25T19:31:08Z" finished-at="2020-04-25T19:31:13Z">
        </test-method>
      </class>
    </test>
  </suite>
</testng-results>
