<?xml version="1.0" encoding="UTF-8"?>
<testng-results skipped="0" failed="0" ignored="0" total="1" passed="1">
  <reporter-output>
  </reporter-output>
  <suite name="Default suite" duration-ms="195250" started-at="2020-05-10T11:32:43Z" finished-at="2020-05-10T11:35:58Z">
    <groups>
    </groups>
    <test name="Default test" duration-ms="195250" started-at="2020-05-10T11:32:43Z" finished-at="2020-05-10T11:35:58Z">
      <class name="Tests.testmultiplecheckbox">
        <test-method status="PASS" signature="launchbrowser()[pri:0, instance:Tests.testmultiplecheckbox@12331b]" name="launchbrowser" is-config="true" duration-ms="12742" started-at="2020-05-10T11:32:43Z" finished-at="2020-05-10T11:32:56Z">
          <reporter-output>
          </reporter-output>
        </test-method> <!-- launchbrowser -->
        <test-method status="PASS" signature="getcheckboxdata()[pri:0, instance:Tests.testmultiplecheckbox@12331b]" name="getcheckboxdata" duration-ms="182416" started-at="2020-05-10T11:32:56Z" finished-at="2020-05-10T11:35:58Z">
          <reporter-output>
          </reporter-output>
        </test-method> <!-- getcheckboxdata -->
      </class> <!-- Tests.testmultiplecheckbox -->
    </test> <!-- Default test -->
  </suite> <!-- Default suite -->
</testng-results>
